2022-11-13 13:05:44,929 INFO  [log4j] launching URL 
2022-11-13 13:06:17,419 INFO  [log4j] **************************************************************************************** 
2022-11-13 13:06:17,419 INFO  [log4j] **************************************************************************************** 
2022-11-13 13:06:17,419 INFO  [log4j] $$$$$$$$$$$$$$$$$$$$$                 Management Books       $$$$$$$$$$$$$$$$$$$$$$$$$ 
2022-11-13 13:06:17,419 INFO  [log4j] **************************************************************************************** 
2022-11-13 13:06:17,419 INFO  [log4j] **************************************************************************************** 
2022-11-13 13:06:17,718 INFO  [log4j] closing browser 
2022-11-13 13:08:17,978 INFO  [log4j] launching URL 
2022-11-13 13:08:35,050 INFO  [log4j] **************************************************************************************** 
2022-11-13 13:08:35,050 INFO  [log4j] **************************************************************************************** 
2022-11-13 13:08:35,051 INFO  [log4j] $$$$$$$$$$$$$$$$$$$$$                 Management Books       $$$$$$$$$$$$$$$$$$$$$$$$$ 
2022-11-13 13:08:35,051 INFO  [log4j] **************************************************************************************** 
2022-11-13 13:08:35,051 INFO  [log4j] **************************************************************************************** 
2022-11-13 13:08:35,195 INFO  [log4j] closing browser 
2022-11-13 13:09:08,768 INFO  [log4j] launching URL 
2022-11-13 13:09:18,283 INFO  [log4j] **************************************************************************************** 
2022-11-13 13:09:18,283 INFO  [log4j] **************************************************************************************** 
2022-11-13 13:09:18,284 INFO  [log4j] $$$$$$$$$$$$$$$$$$$$$                 Management Books       $$$$$$$$$$$$$$$$$$$$$$$$$ 
2022-11-13 13:09:18,284 INFO  [log4j] **************************************************************************************** 
2022-11-13 13:09:18,284 INFO  [log4j] **************************************************************************************** 
2022-11-13 13:09:18,854 INFO  [log4j] closing browser 
2022-11-13 13:10:18,401 INFO  [log4j] **************************************************************************************** 
2022-11-13 13:10:18,584 INFO  [log4j] **************************************************************************************** 
2022-11-13 13:10:18,584 INFO  [log4j] $$$$$$$$$$$$$$$$$$$$$                 Management Books       $$$$$$$$$$$$$$$$$$$$$$$$$ 
2022-11-13 13:10:18,584 INFO  [log4j] **************************************************************************************** 
2022-11-13 13:10:18,584 INFO  [log4j] **************************************************************************************** 
2022-11-13 13:13:27,036 INFO  [log4j] **************************************************************************************** 
2022-11-13 13:13:27,198 INFO  [log4j] **************************************************************************************** 
2022-11-13 13:13:27,198 INFO  [log4j] $$$$$$$$$$$$$$$$$$$$$                 Management Books       $$$$$$$$$$$$$$$$$$$$$$$$$ 
2022-11-13 13:13:27,198 INFO  [log4j] **************************************************************************************** 
2022-11-13 13:13:27,198 INFO  [log4j] **************************************************************************************** 
2022-11-13 13:14:29,143 INFO  [log4j] **************************************************************************************** 
2022-11-13 13:14:29,257 INFO  [log4j] **************************************************************************************** 
2022-11-13 13:14:29,257 INFO  [log4j] $$$$$$$$$$$$$$$$$$$$$                 Management Books       $$$$$$$$$$$$$$$$$$$$$$$$$ 
2022-11-13 13:14:29,257 INFO  [log4j] **************************************************************************************** 
2022-11-13 13:14:29,257 INFO  [log4j] **************************************************************************************** 
2022-11-13 13:16:15,101 INFO  [log4j] **************************************************************************************** 
2022-11-13 13:16:15,102 INFO  [log4j] **************************************************************************************** 
2022-11-13 13:16:15,102 INFO  [log4j] $$$$$$$$$$$$$$$$$$$$$                 Management Books       $$$$$$$$$$$$$$$$$$$$$$$$$ 
2022-11-13 13:16:15,102 INFO  [log4j] **************************************************************************************** 
2022-11-13 13:16:15,102 INFO  [log4j] **************************************************************************************** 
2022-11-13 13:19:01,174 INFO  [log4j] **************************************************************************************** 
2022-11-13 13:19:01,175 INFO  [log4j] **************************************************************************************** 
2022-11-13 13:19:01,175 INFO  [log4j] $$$$$$$$$$$$$$$$$$$$$                 Management Books       $$$$$$$$$$$$$$$$$$$$$$$$$ 
2022-11-13 13:19:01,175 INFO  [log4j] **************************************************************************************** 
2022-11-13 13:19:01,175 INFO  [log4j] **************************************************************************************** 
2022-11-13 13:20:50,066 INFO  [log4j] **************************************************************************************** 
2022-11-13 13:20:50,181 INFO  [log4j] **************************************************************************************** 
2022-11-13 13:20:50,181 INFO  [log4j] $$$$$$$$$$$$$$$$$$$$$                 Management Books       $$$$$$$$$$$$$$$$$$$$$$$$$ 
2022-11-13 13:20:50,183 INFO  [log4j] **************************************************************************************** 
2022-11-13 13:20:50,183 INFO  [log4j] **************************************************************************************** 
2022-11-13 13:22:56,567 INFO  [log4j] **************************************************************************************** 
2022-11-13 13:22:56,568 INFO  [log4j] **************************************************************************************** 
2022-11-13 13:22:56,568 INFO  [log4j] $$$$$$$$$$$$$$$$$$$$$                 Management Books       $$$$$$$$$$$$$$$$$$$$$$$$$ 
2022-11-13 13:22:56,568 INFO  [log4j] **************************************************************************************** 
2022-11-13 13:22:56,568 INFO  [log4j] **************************************************************************************** 
2022-11-13 13:40:44,415 WARN  [log4j] url is getting launched 
2022-11-13 13:40:51,804 INFO  [log4j] **************************************************************************************** 
2022-11-13 13:40:51,804 INFO  [log4j] **************************************************************************************** 
2022-11-13 13:40:51,804 INFO  [log4j] $$$$$$$$$$$$$$$$$$$$$                 Management Books       $$$$$$$$$$$$$$$$$$$$$$$$$ 
2022-11-13 13:40:51,804 INFO  [log4j] **************************************************************************************** 
2022-11-13 13:40:51,805 INFO  [log4j] **************************************************************************************** 
2022-11-20 12:08:20,071 WARN  [log4j] url is getting launched 
2022-11-20 12:08:26,380 INFO  [log4j] **************************************************************************************** 
2022-11-20 12:08:26,380 INFO  [log4j] **************************************************************************************** 
2022-11-20 12:08:26,380 INFO  [log4j] $$$$$$$$$$$$$$$$$$$$$                 Management Books       $$$$$$$$$$$$$$$$$$$$$$$$$ 
2022-11-20 12:08:26,380 INFO  [log4j] **************************************************************************************** 
2022-11-20 12:08:26,380 INFO  [log4j] **************************************************************************************** 
2022-11-20 12:09:56,279 WARN  [log4j] url is getting launched 
2022-11-20 12:10:02,610 INFO  [log4j] **************************************************************************************** 
2022-11-20 12:10:02,610 INFO  [log4j] **************************************************************************************** 
2022-11-20 12:10:02,610 INFO  [log4j] $$$$$$$$$$$$$$$$$$$$$                 Management Books       $$$$$$$$$$$$$$$$$$$$$$$$$ 
2022-11-20 12:10:02,610 INFO  [log4j] **************************************************************************************** 
2022-11-20 12:10:02,610 INFO  [log4j] **************************************************************************************** 
2022-11-20 12:12:50,681 WARN  [log4j] url is getting launched 
2022-11-20 12:12:56,285 INFO  [log4j] **************************************************************************************** 
2022-11-20 12:12:56,285 INFO  [log4j] **************************************************************************************** 
2022-11-20 12:12:56,286 INFO  [log4j] $$$$$$$$$$$$$$$$$$$$$                 Management Books       $$$$$$$$$$$$$$$$$$$$$$$$$ 
2022-11-20 12:12:56,286 INFO  [log4j] **************************************************************************************** 
2022-11-20 12:12:56,286 INFO  [log4j] **************************************************************************************** 
2022-11-20 12:14:35,607 WARN  [log4j] url is getting launched 
2022-11-20 12:14:40,833 INFO  [log4j] **************************************************************************************** 
2022-11-20 12:14:40,833 INFO  [log4j] **************************************************************************************** 
2022-11-20 12:14:40,833 INFO  [log4j] $$$$$$$$$$$$$$$$$$$$$                 Management Books       $$$$$$$$$$$$$$$$$$$$$$$$$ 
2022-11-20 12:14:40,833 INFO  [log4j] **************************************************************************************** 
2022-11-20 12:14:40,833 INFO  [log4j] **************************************************************************************** 
2022-11-20 12:15:19,064 WARN  [log4j] url is getting launched 
2022-11-20 12:15:24,375 INFO  [log4j] **************************************************************************************** 
2022-11-20 12:15:24,376 INFO  [log4j] **************************************************************************************** 
2022-11-20 12:15:24,376 INFO  [log4j] $$$$$$$$$$$$$$$$$$$$$                 Management Books       $$$$$$$$$$$$$$$$$$$$$$$$$ 
2022-11-20 12:15:24,376 INFO  [log4j] **************************************************************************************** 
2022-11-20 12:15:24,376 INFO  [log4j] **************************************************************************************** 
2022-11-20 12:20:31,954 INFO  [log4j] **************************************************************************************** 
2022-11-20 12:20:31,984 INFO  [log4j] **************************************************************************************** 
2022-11-20 12:20:31,984 INFO  [log4j] $$$$$$$$$$$$$$$$$$$$$                 Management Books       $$$$$$$$$$$$$$$$$$$$$$$$$ 
2022-11-20 12:20:31,984 INFO  [log4j] **************************************************************************************** 
2022-11-20 12:20:31,984 INFO  [log4j] **************************************************************************************** 
